[INFO  - 2019-03-30T01:27:05.516Z] GhostDriver - Main - running on port 61453
[INFO  - 2019-03-30T01:27:07.554Z] Session [eeb737a0-528a-11e9-a327-3f2ea132cb47] - page.settings - {"XSSAuditingEnabled":false,"javascriptCanCloseWindows":true,"javascriptCanOpenWindows":true,"javascriptEnabled":true,"loadImages":true,"localToRemoteUrlAccessEnabled":false,"userAgent":"Mozilla/5.0 (Windows NT 6.2; WOW64) AppleWebKit/538.1 (KHTML, like Gecko) PhantomJS/2.1.1 Safari/538.1","webSecurityEnabled":true}
[INFO  - 2019-03-30T01:27:07.554Z] Session [eeb737a0-528a-11e9-a327-3f2ea132cb47] - page.customHeaders:  - {}
[INFO  - 2019-03-30T01:27:07.554Z] Session [eeb737a0-528a-11e9-a327-3f2ea132cb47] - Session.negotiatedCapabilities - {"browserName":"phantomjs","version":"2.1.1","driverName":"ghostdriver","driverVersion":"1.2.0","platform":"windows-10-32bit","javascriptEnabled":true,"takesScreenshot":true,"handlesAlerts":false,"databaseEnabled":false,"locationContextEnabled":false,"applicationCacheEnabled":false,"browserConnectionEnabled":false,"cssSelectorsEnabled":true,"webStorageEnabled":false,"rotatable":false,"acceptSslCerts":false,"nativeEvents":true,"proxy":{"proxyType":"direct"}}
[INFO  - 2019-03-30T01:27:07.554Z] SessionManagerReqHand - _postNewSessionCommand - New Session Created: eeb737a0-528a-11e9-a327-3f2ea132cb47
[ERROR - 2019-03-30T01:27:08.871Z] Session [eeb737a0-528a-11e9-a327-3f2ea132cb47] - page.onError - msg: Exception in queued GPT command TypeError: Type error

  phantomjs://platform/console++.js:263 in error
[ERROR - 2019-03-30T01:27:08.872Z] Session [eeb737a0-528a-11e9-a327-3f2ea132cb47] - page.onError - stack:
  push (https://securepubads.g.doubleclick.net/gpt/pubads_impl_2019032501.js:1)

  phantomjs://platform/console++.js:263 in error
[ERROR - 2019-03-30T01:27:14.446Z] Session [eeb737a0-528a-11e9-a327-3f2ea132cb47] - page.onError - msg: Exception in queued GPT command TypeError: Type error

  phantomjs://platform/console++.js:263 in error
[ERROR - 2019-03-30T01:27:14.446Z] Session [eeb737a0-528a-11e9-a327-3f2ea132cb47] - page.onError - stack:
  push (https://securepubads.g.doubleclick.net/gpt/pubads_impl_2019032501.js:1)

  phantomjs://platform/console++.js:263 in error
[ERROR - 2019-03-30T01:27:15.500Z] Session [eeb737a0-528a-11e9-a327-3f2ea132cb47] - page.onError - msg: Exception in queued GPT command TypeError: Type error

  phantomjs://platform/console++.js:263 in error
[ERROR - 2019-03-30T01:27:15.500Z] Session [eeb737a0-528a-11e9-a327-3f2ea132cb47] - page.onError - stack:
  push (https://securepubads.g.doubleclick.net/gpt/pubads_impl_2019032501.js:1)

  phantomjs://platform/console++.js:263 in error
[ERROR - 2019-03-30T01:27:16.464Z] Session [eeb737a0-528a-11e9-a327-3f2ea132cb47] - page.onError - msg: Exception in queued GPT command TypeError: Type error

  phantomjs://platform/console++.js:263 in error
[ERROR - 2019-03-30T01:27:16.465Z] Session [eeb737a0-528a-11e9-a327-3f2ea132cb47] - page.onError - stack:
  push (https://securepubads.g.doubleclick.net/gpt/pubads_impl_2019032501.js:1)

  phantomjs://platform/console++.js:263 in error
[ERROR - 2019-03-30T01:27:17.739Z] Session [eeb737a0-528a-11e9-a327-3f2ea132cb47] - page.onError - msg: Exception in queued GPT command TypeError: Type error

  phantomjs://platform/console++.js:263 in error
[ERROR - 2019-03-30T01:27:17.739Z] Session [eeb737a0-528a-11e9-a327-3f2ea132cb47] - page.onError - stack:
  push (https://securepubads.g.doubleclick.net/gpt/pubads_impl_2019032501.js:1)

  phantomjs://platform/console++.js:263 in error
